2021-09-26 12:54:46 DEBUG Config - Config.get(helper, instrument) = true
2021-09-26 12:54:46 DEBUG Config - Config.get(helper, seed) = 0
2021-09-26 12:54:46 DEBUG Config - Config.get(instrumenting, copies) = true
2021-09-26 12:54:46 DEBUG Config - Config.get(instrumenting, swaps) = true
2021-09-26 12:54:46 DEBUG Config - Config.get(instrumenting, compares) = true
2021-09-26 12:54:46 DEBUG Config - Config.get(instrumenting, inversions) = 1
2021-09-26 12:54:46 DEBUG Config - Config.get(instrumenting, fixes) = true
2021-09-26 12:54:46 DEBUG Config - Config.get(instrumenting, hits) = true
2021-09-26 12:54:46 DEBUG Config - Config.get(helper, cutoff) = 
2021-09-26 12:55:54 DEBUG Config - Config.get(helper, instrument) = true
2021-09-26 12:55:54 DEBUG Config - Config.get(helper, seed) = 0
2021-09-26 12:55:54 DEBUG Config - Config.get(instrumenting, copies) = true
2021-09-26 12:55:54 DEBUG Config - Config.get(instrumenting, swaps) = true
2021-09-26 12:55:54 DEBUG Config - Config.get(instrumenting, compares) = true
2021-09-26 12:55:54 DEBUG Config - Config.get(instrumenting, inversions) = 1
2021-09-26 12:55:54 DEBUG Config - Config.get(instrumenting, fixes) = true
2021-09-26 12:55:54 DEBUG Config - Config.get(instrumenting, hits) = true
2021-09-26 12:55:54 DEBUG Config - Config.get(helper, cutoff) = 
2021-09-26 12:56:50 DEBUG Config - Config.get(helper, instrument) = true
2021-09-26 12:56:50 DEBUG Config - Config.get(helper, seed) = 0
2021-09-26 12:56:50 DEBUG Config - Config.get(instrumenting, copies) = true
2021-09-26 12:56:50 DEBUG Config - Config.get(instrumenting, swaps) = true
2021-09-26 12:56:50 DEBUG Config - Config.get(instrumenting, compares) = true
2021-09-26 12:56:50 DEBUG Config - Config.get(instrumenting, inversions) = 1
2021-09-26 12:56:50 DEBUG Config - Config.get(instrumenting, fixes) = true
2021-09-26 12:56:50 DEBUG Config - Config.get(instrumenting, hits) = true
2021-09-26 12:56:50 DEBUG Config - Config.get(helper, cutoff) = 
2021-09-26 13:00:06 DEBUG Config - Config.get(helper, instrument) = true
2021-09-26 13:00:06 DEBUG Config - Config.get(helper, seed) = 0
2021-09-26 13:00:06 DEBUG Config - Config.get(instrumenting, copies) = true
2021-09-26 13:00:06 DEBUG Config - Config.get(instrumenting, swaps) = true
2021-09-26 13:00:06 DEBUG Config - Config.get(instrumenting, compares) = true
2021-09-26 13:00:06 DEBUG Config - Config.get(instrumenting, inversions) = 1
2021-09-26 13:00:06 DEBUG Config - Config.get(instrumenting, fixes) = true
2021-09-26 13:00:06 DEBUG Config - Config.get(instrumenting, hits) = true
2021-09-26 13:00:06 DEBUG Config - Config.get(helper, cutoff) = 
2021-09-26 13:00:40 DEBUG Config - Config.get(helper, instrument) = true
2021-09-26 13:00:40 DEBUG Config - Config.get(helper, seed) = 0
2021-09-26 13:00:40 DEBUG Config - Config.get(instrumenting, copies) = true
2021-09-26 13:00:40 DEBUG Config - Config.get(instrumenting, swaps) = true
2021-09-26 13:00:40 DEBUG Config - Config.get(instrumenting, compares) = true
2021-09-26 13:00:40 DEBUG Config - Config.get(instrumenting, inversions) = 1
2021-09-26 13:00:40 DEBUG Config - Config.get(instrumenting, fixes) = true
2021-09-26 13:00:40 DEBUG Config - Config.get(instrumenting, hits) = true
2021-09-26 13:00:40 DEBUG Config - Config.get(helper, cutoff) = 
2021-09-26 13:03:11 DEBUG Config - Config.get(helper, instrument) = true
2021-09-26 13:03:11 DEBUG Config - Config.get(helper, seed) = 0
2021-09-26 13:03:11 DEBUG Config - Config.get(instrumenting, copies) = true
2021-09-26 13:03:11 DEBUG Config - Config.get(instrumenting, swaps) = true
2021-09-26 13:03:11 DEBUG Config - Config.get(instrumenting, compares) = true
2021-09-26 13:03:11 DEBUG Config - Config.get(instrumenting, inversions) = 1
2021-09-26 13:03:11 DEBUG Config - Config.get(instrumenting, fixes) = true
2021-09-26 13:03:11 DEBUG Config - Config.get(instrumenting, hits) = true
2021-09-26 13:03:11 DEBUG Config - Config.get(helper, cutoff) = 
2021-09-26 13:03:47 DEBUG Config - Config.get(helper, instrument) = true
2021-09-26 13:03:47 DEBUG Config - Config.get(helper, seed) = 0
2021-09-26 13:03:47 DEBUG Config - Config.get(instrumenting, copies) = true
2021-09-26 13:03:47 DEBUG Config - Config.get(instrumenting, swaps) = true
2021-09-26 13:03:47 DEBUG Config - Config.get(instrumenting, compares) = true
2021-09-26 13:03:47 DEBUG Config - Config.get(instrumenting, inversions) = 1
2021-09-26 13:03:47 DEBUG Config - Config.get(instrumenting, fixes) = true
2021-09-26 13:03:47 DEBUG Config - Config.get(instrumenting, hits) = true
2021-09-26 13:03:47 DEBUG Config - Config.get(helper, cutoff) = 
2021-09-26 13:04:12 DEBUG Config - Config.get(helper, instrument) = true
2021-09-26 13:04:12 DEBUG Config - Config.get(helper, seed) = 0
2021-09-26 13:04:12 DEBUG Config - Config.get(instrumenting, copies) = true
2021-09-26 13:04:12 DEBUG Config - Config.get(instrumenting, swaps) = true
2021-09-26 13:04:12 DEBUG Config - Config.get(instrumenting, compares) = true
2021-09-26 13:04:12 DEBUG Config - Config.get(instrumenting, inversions) = 1
2021-09-26 13:04:12 DEBUG Config - Config.get(instrumenting, fixes) = true
2021-09-26 13:04:12 DEBUG Config - Config.get(instrumenting, hits) = true
2021-09-26 13:04:12 DEBUG Config - Config.get(helper, cutoff) = 
2021-09-26 20:34:17 DEBUG Config - Config.get(helper, instrument) = true
2021-09-26 20:34:17 DEBUG Config - Config.get(helper, seed) = 0
2021-09-26 20:34:17 DEBUG Config - Config.get(instrumenting, copies) = true
2021-09-26 20:34:17 DEBUG Config - Config.get(instrumenting, swaps) = true
2021-09-26 20:34:17 DEBUG Config - Config.get(instrumenting, compares) = true
2021-09-26 20:34:17 DEBUG Config - Config.get(instrumenting, inversions) = 1
2021-09-26 20:34:17 DEBUG Config - Config.get(instrumenting, fixes) = true
2021-09-26 20:34:17 DEBUG Config - Config.get(instrumenting, hits) = true
2021-09-26 20:34:17 DEBUG Config - Config.get(helper, cutoff) = 
2021-10-09 20:32:35 DEBUG Config - Config.get(helper, instrument) = true
2021-10-09 20:32:35 DEBUG Config - Config.get(helper, seed) = 0
2021-10-09 20:32:35 DEBUG Config - Config.get(instrumenting, copies) = true
2021-10-09 20:32:35 DEBUG Config - Config.get(instrumenting, swaps) = true
2021-10-09 20:32:35 DEBUG Config - Config.get(instrumenting, compares) = true
2021-10-09 20:32:35 DEBUG Config - Config.get(instrumenting, inversions) = 1
2021-10-09 20:32:35 DEBUG Config - Config.get(instrumenting, fixes) = true
2021-10-09 20:32:35 DEBUG Config - Config.get(instrumenting, hits) = true
2021-10-09 20:32:35 DEBUG Config - Config.get(helper, cutoff) = 
2021-10-09 20:41:14 DEBUG Config - Config.get(helper, instrument) = true
2021-10-09 20:41:14 DEBUG Config - Config.get(helper, seed) = 0
2021-10-09 20:41:14 DEBUG Config - Config.get(instrumenting, copies) = true
2021-10-09 20:41:14 DEBUG Config - Config.get(instrumenting, swaps) = true
2021-10-09 20:41:14 DEBUG Config - Config.get(instrumenting, compares) = true
2021-10-09 20:41:14 DEBUG Config - Config.get(instrumenting, inversions) = 1
2021-10-09 20:41:14 DEBUG Config - Config.get(instrumenting, fixes) = true
2021-10-09 20:41:14 DEBUG Config - Config.get(instrumenting, hits) = true
2021-10-09 20:41:14 DEBUG Config - Config.get(helper, cutoff) = 
2021-10-09 20:56:16 DEBUG Config - Config.get(helper, instrument) = true
2021-10-09 20:56:16 DEBUG Config - Config.get(helper, seed) = 0
2021-10-09 20:56:16 DEBUG Config - Config.get(instrumenting, copies) = true
2021-10-09 20:56:16 DEBUG Config - Config.get(instrumenting, swaps) = true
2021-10-09 20:56:16 DEBUG Config - Config.get(instrumenting, compares) = true
2021-10-09 20:56:16 DEBUG Config - Config.get(instrumenting, inversions) = 1
2021-10-09 20:56:16 DEBUG Config - Config.get(instrumenting, fixes) = true
2021-10-09 20:56:16 DEBUG Config - Config.get(instrumenting, hits) = true
2021-10-09 20:56:16 DEBUG Config - Config.get(helper, cutoff) = 
2021-10-09 21:53:37 DEBUG Config - Config.get(helper, instrument) = true
2021-10-09 21:53:37 DEBUG Config - Config.get(helper, seed) = 0
2021-10-09 21:53:37 DEBUG Config - Config.get(instrumenting, copies) = true
2021-10-09 21:53:37 DEBUG Config - Config.get(instrumenting, swaps) = true
2021-10-09 21:53:37 DEBUG Config - Config.get(instrumenting, compares) = true
2021-10-09 21:53:37 DEBUG Config - Config.get(instrumenting, inversions) = 1
2021-10-09 21:53:37 DEBUG Config - Config.get(instrumenting, fixes) = true
2021-10-09 21:53:37 DEBUG Config - Config.get(instrumenting, hits) = true
2021-10-09 21:53:37 DEBUG Config - Config.get(helper, cutoff) = 
